<?xml version="1.0" encoding="UTF-8"?>
<!-- Generated by org.testng.reporters.JUnitXMLReporter -->
<testsuite hostname="USER-PC" ignored="0" name="Test3" tests="1" failures="1" timestamp="17 Jan 2019 19:48:03 GMT" time="9.214" errors="0">
  <testcase name="gettitle" time="9.196" classname="testng.parallel">
    <failure type="java.lang.NullPointerException">
      <![CDATA[java.lang.NullPointerException
at testng.parallel.gettitle(parallel.java:45)
... Removed 25 stack frames]]>
    </failure>
  </testcase> <!-- gettitle -->
</testsuite> <!-- Test3 -->
