<?xml version="1.0" encoding="UTF-8"?>
<testng-results skipped="0" failed="0" ignored="0" total="1" passed="1">
  <reporter-output>
  </reporter-output>
  <suite name="Default suite" duration-ms="27498" started-at="2019-01-29T04:07:17Z" finished-at="2019-01-29T04:07:45Z">
    <groups>
    </groups>
    <test name="Default test" duration-ms="27498" started-at="2019-01-29T04:07:17Z" finished-at="2019-01-29T04:07:45Z">
      <class name="pom4.Face234Test">
        <test-method status="PASS" signature="facebook234()[pri:0, instance:pom4.Face234Test@704a52ec]" name="facebook234" duration-ms="27461" started-at="2019-01-29T04:07:17Z" finished-at="2019-01-29T04:07:45Z">
          <reporter-output>
          </reporter-output>
        </test-method> <!-- facebook234 -->
      </class> <!-- pom4.Face234Test -->
    </test> <!-- Default test -->
  </suite> <!-- Default suite -->
</testng-results>
